Arguments: 
  F:\Programs\nodejs\node.exe F:\Programs\nodejs\node_modules\node_global\node_modules\yarn\bin\yarn.js add electron

PATH: 
  F:\Programs\miniconda;F:\Programs\miniconda\Library\mingw-w64\bin;F:\Programs\miniconda\Library\usr\bin;F:\Programs\miniconda\Library\bin;F:\Programs\miniconda\Scripts;F:\Programs\miniconda\bin;F:\Programs\miniconda\Scripts\condabin;F:\Programs\Git\mingw64\bin;F:\Programs\Git\usr\bin;C:\Users\13664\bin;F:\Programs\Rtools\bin;C:\WINDOWS\system32;C:\WINDOWS;C:\WINDOWS\System32\Wbem;C:\WINDOWS\System32\WindowsPowerShell\v1.0;C:\WINDOWS\System32\OpenSSH;F:\Programs\Microsoft VS Code\bin;F:\Programs\Git\cmd;F:\Programs\Qt\5.13.0\mingw73_64\bin;F:\Programs\nodejs;\\;F:\Programs\doxygen\bin;F:\Programs\cudnn\cuda\bin;C:\Program Files\dotnet;F:\Programs\go\bin;F:\Programs\matlab\bin;F:\Programs\miniconda;F:\Programs\miniconda\Scripts;F:\Programs\miniconda\Library\bin;F:\Programs\ruby\bin;C:\Users\13664\AppData\Local\Microsoft\WindowsApps;F:\Programs\mingw-w64\bin;F:\Programs\Qt\Tools\mingw730_64\bin;F:\Programs\Qt\5.13.0\mingw73_64\bin;C:\Users\13664\AppData\Roaming\npm;F:\Programs\mysql\bin;F:\Programs\mongodb\bin;F:\Programs\nodejs\node_modules\node_global;F:\Programs\MikTex\miktex\bin\x64;F:\Programs\cmake\bin;F:\Programs\opencv\build\install\x64\mingw\bin;F:\Programs\java\bin;F:\Programs\java\jre\bin;F:\Programs\cudnn\cuda\bin;C:\Program Files\NVIDIA Corporation\NVSMI;F:\Programs\redis;C:\Users\13664\go\bin;F:\Programs\Lua\bin;F:\Programs\miniconda\envs\web;F:\Programs\miniconda\envs\web\Scripts;F:\Programs\miniconda\envs\web\Library\bin;F:\Programs\miniconda\envs\dataAnalysis;F:\Programs\miniconda\envs\dataAnalysis\Scripts;F:\Programs\miniconda\envs\dataAnalysis\Library\bin

Yarn version: 
  1.17.3

Node version: 
  10.16.0

Platform: 
  win32 x64

Trace: 
  Error: getaddrinfo EAI_AGAIN registry.npmjs.org registry.npmjs.org:443
      at GetAddrInfoReqWrap.onlookup [as oncomplete] (dns.js:56:26)

npm manifest: 
  {
    "name": "activity-monitor",
    "version": "1.0.0",
    "description": "",
    "main": "app.js",
    "scripts": {
      "test": "echo \"Error: no test specified\" && exit 1"
    },
    "author": "",
    "license": "ISC"
  }

yarn manifest: 
  No manifest

Lockfile: 
  No lockfile
